{"/Users/ssun2/Documents/FAC/team4week2/test.js":{"path":"/Users/ssun2/Documents/FAC/team4week2/test.js","s":{"1":1,"2":1,"3":1,"4":1,"5":1,"6":1,"7":1,"8":1,"9":1,"10":1,"11":1,"12":1,"13":1,"14":1},"b":{},"f":{"1":1,"2":1},"fnMap":{"1":{"name":"(anonymous_1)","line":42,"loc":{"start":{"line":42,"column":28},"end":{"line":42,"column":39}}},"2":{"name":"(anonymous_2)","line":57,"loc":{"start":{"line":57,"column":28},"end":{"line":57,"column":39}}}},"statementMap":{"1":{"start":{"line":1,"column":0},"end":{"line":1,"column":27}},"2":{"start":{"line":2,"column":0},"end":{"line":2,"column":31}},"3":{"start":{"line":42,"column":0},"end":{"line":55,"column":3}},"4":{"start":{"line":43,"column":2},"end":{"line":46,"column":2}},"5":{"start":{"line":47,"column":2},"end":{"line":47,"column":40}},"6":{"start":{"line":48,"column":2},"end":{"line":51,"column":2}},"7":{"start":{"line":52,"column":2},"end":{"line":52,"column":68}},"8":{"start":{"line":53,"column":2},"end":{"line":53,"column":10}},"9":{"start":{"line":57,"column":0},"end":{"line":70,"column":3}},"10":{"start":{"line":58,"column":2},"end":{"line":61,"column":4}},"11":{"start":{"line":62,"column":2},"end":{"line":62,"column":40}},"12":{"start":{"line":63,"column":2},"end":{"line":66,"column":4}},"13":{"start":{"line":67,"column":2},"end":{"line":67,"column":69}},"14":{"start":{"line":68,"column":2},"end":{"line":68,"column":10}}},"branchMap":{}},"/Users/ssun2/Documents/FAC/team4week2/logic.js":{"path":"/Users/ssun2/Documents/FAC/team4week2/logic.js","s":{"1":1,"2":1,"3":1,"4":0,"5":1,"6":2,"7":4,"8":0,"9":0,"10":2,"11":2,"12":4,"13":2,"14":1,"15":1,"16":2,"17":1,"18":1},"b":{"1":[2,2],"2":[1,1],"3":[1,0]},"f":{"1":1,"2":0,"3":2,"4":4,"5":0,"6":0,"7":2,"8":4,"9":0},"fnMap":{"1":{"name":"(anonymous_1)","line":9,"loc":{"start":{"line":9,"column":15},"end":{"line":9,"column":26}}},"2":{"name":"incrementCounter","line":12,"loc":{"start":{"line":12,"column":4},"end":{"line":12,"column":32}}},"3":{"name":"(anonymous_3)","line":21,"loc":{"start":{"line":21,"column":23},"end":{"line":21,"column":39}}},"4":{"name":"(anonymous_4)","line":22,"loc":{"start":{"line":22,"column":21},"end":{"line":22,"column":35}}},"5":{"name":"(anonymous_5)","line":27,"loc":{"start":{"line":27,"column":11},"end":{"line":27,"column":36}}},"6":{"name":"(anonymous_6)","line":44,"loc":{"start":{"line":44,"column":14},"end":{"line":44,"column":42}}},"7":{"name":"(anonymous_7)","line":49,"loc":{"start":{"line":49,"column":12},"end":{"line":49,"column":38}}},"8":{"name":"(anonymous_8)","line":55,"loc":{"start":{"line":55,"column":15},"end":{"line":55,"column":28}}},"9":{"name":"(anonymous_9)","line":67,"loc":{"start":{"line":67,"column":13},"end":{"line":67,"column":43}}}},"statementMap":{"1":{"start":{"line":6,"column":0},"end":{"line":73,"column":2}},"2":{"start":{"line":10,"column":4},"end":{"line":10,"column":22}},"3":{"start":{"line":12,"column":4},"end":{"line":14,"column":5}},"4":{"start":{"line":13,"column":6},"end":{"line":13,"column":30}},"5":{"start":{"line":16,"column":4},"end":{"line":16,"column":28}},"6":{"start":{"line":22,"column":4},"end":{"line":24,"column":7}},"7":{"start":{"line":23,"column":6},"end":{"line":23,"column":46}},"8":{"start":{"line":40,"column":2},"end":{"line":40,"column":24}},"9":{"start":{"line":41,"column":2},"end":{"line":41,"column":15}},"10":{"start":{"line":54,"column":4},"end":{"line":54,"column":49}},"11":{"start":{"line":55,"column":4},"end":{"line":63,"column":7}},"12":{"start":{"line":56,"column":6},"end":{"line":62,"column":7}},"13":{"start":{"line":58,"column":8},"end":{"line":61,"column":26}},"14":{"start":{"line":59,"column":10},"end":{"line":59,"column":27}},"15":{"start":{"line":61,"column":10},"end":{"line":61,"column":26}},"16":{"start":{"line":64,"column":4},"end":{"line":64,"column":18}},"17":{"start":{"line":84,"column":0},"end":{"line":86,"column":1}},"18":{"start":{"line":85,"column":2},"end":{"line":85,"column":33}}},"branchMap":{"1":{"line":56,"type":"if","locations":[{"start":{"line":56,"column":6},"end":{"line":56,"column":6}},{"start":{"line":56,"column":6},"end":{"line":56,"column":6}}]},"2":{"line":58,"type":"if","locations":[{"start":{"line":58,"column":8},"end":{"line":58,"column":8}},{"start":{"line":58,"column":8},"end":{"line":58,"column":8}}]},"3":{"line":84,"type":"if","locations":[{"start":{"line":84,"column":0},"end":{"line":84,"column":0}},{"start":{"line":84,"column":0},"end":{"line":84,"column":0}}]}}}}