TN:
SF:/Users/ssun2/Documents/FAC/team4week2/test.js
FN:42,(anonymous_1)
FN:57,(anonymous_2)
FNF:2
FNH:2
FNDA:1,(anonymous_1)
FNDA:1,(anonymous_2)
DA:1,1
DA:2,1
DA:42,1
DA:43,1
DA:47,1
DA:48,1
DA:52,1
DA:53,1
DA:57,1
DA:58,1
DA:62,1
DA:63,1
DA:67,1
DA:68,1
LF:14
LH:14
BRF:0
BRH:0
end_of_record
TN:
SF:/Users/ssun2/Documents/FAC/team4week2/logic.js
FN:9,(anonymous_1)
FN:12,incrementCounter
FN:21,(anonymous_3)
FN:22,(anonymous_4)
FN:27,(anonymous_5)
FN:44,(anonymous_6)
FN:49,(anonymous_7)
FN:55,(anonymous_8)
FN:67,(anonymous_9)
FNF:9
FNH:5
FNDA:1,(anonymous_1)
FNDA:0,incrementCounter
FNDA:2,(anonymous_3)
FNDA:4,(anonymous_4)
FNDA:0,(anonymous_5)
FNDA:0,(anonymous_6)
FNDA:2,(anonymous_7)
FNDA:4,(anonymous_8)
FNDA:0,(anonymous_9)
DA:6,1
DA:10,1
DA:12,1
DA:13,0
DA:16,1
DA:22,2
DA:23,4
DA:40,0
DA:41,0
DA:54,2
DA:55,2
DA:56,4
DA:58,2
DA:59,1
DA:61,1
DA:64,2
DA:84,1
DA:85,1
LF:18
LH:15
BRDA:56,1,0,2
BRDA:56,1,1,2
BRDA:58,2,0,1
BRDA:58,2,1,1
BRDA:84,3,0,1
BRDA:84,3,1,0
BRF:6
BRH:5
end_of_record
